[18:02:17] [main/INFO]: Environment: authHost='https://authserver.mojang.com', accountsHost='https://api.mojang.com', sessionHost='https://sessionserver.mojang.com', servicesHost='https://api.minecraftservices.com', name='PROD'
[18:02:18] [main/INFO]: Reloading ResourceManager: Default, bukkit
[18:02:19] [Worker-Main-9/INFO]: Loaded 7 recipes
[18:02:21] [Server thread/INFO]: Starting minecraft server version 1.17.1
[18:02:21] [Server thread/INFO]: Loading properties
[18:02:21] [Server thread/INFO]: This server is running CraftBukkit version 3222-Spigot-b166a49-7c8bbcb (MC: 1.17.1) (Implementing API version 1.17.1-R0.1-SNAPSHOT)
[18:02:21] [Server thread/INFO]: Debug logging is disabled
[18:02:21] [Server thread/INFO]: Server Ping Player Sample Count: 12
[18:02:21] [Server thread/INFO]: Using 4 threads for Netty based IO
[18:02:21] [Server thread/INFO]: Default game type: SURVIVAL
[18:02:21] [Server thread/INFO]: Generating keypair
[18:02:21] [Server thread/INFO]: Starting Minecraft server on *:25565
[18:02:21] [Server thread/INFO]: Using default channel type
[18:02:22] [Server thread/INFO]: [CityBuild] Loading CityBuild v1.0.3
[18:02:22] [Server thread/INFO]: Preparing level "world"
[18:02:22] [Server thread/INFO]: -------- World Settings For [world] --------
[18:02:22] [Server thread/INFO]: Max TNT Explosions: 100
[18:02:22] [Server thread/INFO]: Tile Max Tick Time: 50ms Entity max Tick Time: 50ms
[18:02:22] [Server thread/INFO]: Item Despawn Rate: 6000
[18:02:22] [Server thread/INFO]: Item Merge Radius: 2.5
[18:02:22] [Server thread/INFO]: View Distance: 10
[18:02:22] [Server thread/INFO]: Entity Tracking Range: Pl 48 / An 48 / Mo 48 / Mi 32 / Other 64
[18:02:22] [Server thread/INFO]: Allow Zombie Pigmen to spawn from portal blocks: true
[18:02:22] [Server thread/INFO]: Arrow Despawn Rate: 1200 Trident Respawn Rate:1200
[18:02:22] [Server thread/INFO]: Zombie Aggressive Towards Villager: true
[18:02:22] [Server thread/INFO]: Mob Spawn Range: 6
[18:02:22] [Server thread/INFO]: Experience Merge Radius: 3.0
[18:02:22] [Server thread/INFO]: Cactus Growth Modifier: 100%
[18:02:22] [Server thread/INFO]: Cane Growth Modifier: 100%
[18:02:22] [Server thread/INFO]: Melon Growth Modifier: 100%
[18:02:22] [Server thread/INFO]: Mushroom Growth Modifier: 100%
[18:02:22] [Server thread/INFO]: Pumpkin Growth Modifier: 100%
[18:02:22] [Server thread/INFO]: Sapling Growth Modifier: 100%
[18:02:22] [Server thread/INFO]: Beetroot Growth Modifier: 100%
[18:02:22] [Server thread/INFO]: Carrot Growth Modifier: 100%
[18:02:22] [Server thread/INFO]: Potato Growth Modifier: 100%
[18:02:22] [Server thread/INFO]: Wheat Growth Modifier: 100%
[18:02:22] [Server thread/INFO]: NetherWart Growth Modifier: 100%
[18:02:22] [Server thread/INFO]: Vine Growth Modifier: 100%
[18:02:22] [Server thread/INFO]: Cocoa Growth Modifier: 100%
[18:02:22] [Server thread/INFO]: Bamboo Growth Modifier: 100%
[18:02:22] [Server thread/INFO]: SweetBerry Growth Modifier: 100%
[18:02:22] [Server thread/INFO]: Kelp Growth Modifier: 100%
[18:02:22] [Server thread/INFO]: Entity Activation Range: An 32 / Mo 32 / Ra 48 / Mi 16 / Tiv true
[18:02:22] [Server thread/INFO]: Custom Map Seeds:  Village: 10387312 Desert: 14357617 Igloo: 14357618 Jungle: 14357619 Swamp: 14357620 Monument: 10387313 Ocean: 14357621 Shipwreck: 165745295 End City: 10387313 Slime: 987234911 Bastion: 30084232 Fortress: 30084232 Mansion: 10387319 Fossil: 14357921 Portal: 34222645
[18:02:22] [Server thread/INFO]: Hopper Transfer: 8 Hopper Check: 1 Hopper Amount: 1
[18:02:22] [Server thread/INFO]: Nerfing mobs spawned from spawners: false
[18:02:22] [Server thread/INFO]: -------- World Settings For [world_nether] --------
[18:02:22] [Server thread/INFO]: Max TNT Explosions: 100
[18:02:22] [Server thread/INFO]: Tile Max Tick Time: 50ms Entity max Tick Time: 50ms
[18:02:22] [Server thread/INFO]: Item Despawn Rate: 6000
[18:02:22] [Server thread/INFO]: Item Merge Radius: 2.5
[18:02:22] [Server thread/INFO]: View Distance: 10
[18:02:22] [Server thread/INFO]: Entity Tracking Range: Pl 48 / An 48 / Mo 48 / Mi 32 / Other 64
[18:02:22] [Server thread/INFO]: Allow Zombie Pigmen to spawn from portal blocks: true
[18:02:22] [Server thread/INFO]: Arrow Despawn Rate: 1200 Trident Respawn Rate:1200
[18:02:22] [Server thread/INFO]: Zombie Aggressive Towards Villager: true
[18:02:22] [Server thread/INFO]: Mob Spawn Range: 6
[18:02:22] [Server thread/INFO]: Experience Merge Radius: 3.0
[18:02:22] [Server thread/INFO]: Cactus Growth Modifier: 100%
[18:02:22] [Server thread/INFO]: Cane Growth Modifier: 100%
[18:02:22] [Server thread/INFO]: Melon Growth Modifier: 100%
[18:02:22] [Server thread/INFO]: Mushroom Growth Modifier: 100%
[18:02:22] [Server thread/INFO]: Pumpkin Growth Modifier: 100%
[18:02:22] [Server thread/INFO]: Sapling Growth Modifier: 100%
[18:02:22] [Server thread/INFO]: Beetroot Growth Modifier: 100%
[18:02:22] [Server thread/INFO]: Carrot Growth Modifier: 100%
[18:02:22] [Server thread/INFO]: Potato Growth Modifier: 100%
[18:02:22] [Server thread/INFO]: Wheat Growth Modifier: 100%
[18:02:22] [Server thread/INFO]: NetherWart Growth Modifier: 100%
[18:02:22] [Server thread/INFO]: Vine Growth Modifier: 100%
[18:02:22] [Server thread/INFO]: Cocoa Growth Modifier: 100%
[18:02:22] [Server thread/INFO]: Bamboo Growth Modifier: 100%
[18:02:22] [Server thread/INFO]: SweetBerry Growth Modifier: 100%
[18:02:22] [Server thread/INFO]: Kelp Growth Modifier: 100%
[18:02:22] [Server thread/INFO]: Entity Activation Range: An 32 / Mo 32 / Ra 48 / Mi 16 / Tiv true
[18:02:22] [Server thread/INFO]: Custom Map Seeds:  Village: 10387312 Desert: 14357617 Igloo: 14357618 Jungle: 14357619 Swamp: 14357620 Monument: 10387313 Ocean: 14357621 Shipwreck: 165745295 End City: 10387313 Slime: 987234911 Bastion: 30084232 Fortress: 30084232 Mansion: 10387319 Fossil: 14357921 Portal: 34222645
[18:02:22] [Server thread/INFO]: Hopper Transfer: 8 Hopper Check: 1 Hopper Amount: 1
[18:02:22] [Server thread/INFO]: Nerfing mobs spawned from spawners: false
[18:02:22] [Server thread/INFO]: -------- World Settings For [world_the_end] --------
[18:02:22] [Server thread/INFO]: Max TNT Explosions: 100
[18:02:22] [Server thread/INFO]: Tile Max Tick Time: 50ms Entity max Tick Time: 50ms
[18:02:22] [Server thread/INFO]: Item Despawn Rate: 6000
[18:02:22] [Server thread/INFO]: Item Merge Radius: 2.5
[18:02:22] [Server thread/INFO]: View Distance: 10
[18:02:22] [Server thread/INFO]: Entity Tracking Range: Pl 48 / An 48 / Mo 48 / Mi 32 / Other 64
[18:02:22] [Server thread/INFO]: Allow Zombie Pigmen to spawn from portal blocks: true
[18:02:22] [Server thread/INFO]: Arrow Despawn Rate: 1200 Trident Respawn Rate:1200
[18:02:22] [Server thread/INFO]: Zombie Aggressive Towards Villager: true
[18:02:22] [Server thread/INFO]: Mob Spawn Range: 6
[18:02:22] [Server thread/INFO]: Experience Merge Radius: 3.0
[18:02:22] [Server thread/INFO]: Cactus Growth Modifier: 100%
[18:02:22] [Server thread/INFO]: Cane Growth Modifier: 100%
[18:02:22] [Server thread/INFO]: Melon Growth Modifier: 100%
[18:02:22] [Server thread/INFO]: Mushroom Growth Modifier: 100%
[18:02:22] [Server thread/INFO]: Pumpkin Growth Modifier: 100%
[18:02:22] [Server thread/INFO]: Sapling Growth Modifier: 100%
[18:02:22] [Server thread/INFO]: Beetroot Growth Modifier: 100%
[18:02:22] [Server thread/INFO]: Carrot Growth Modifier: 100%
[18:02:22] [Server thread/INFO]: Potato Growth Modifier: 100%
[18:02:22] [Server thread/INFO]: Wheat Growth Modifier: 100%
[18:02:22] [Server thread/INFO]: NetherWart Growth Modifier: 100%
[18:02:22] [Server thread/INFO]: Vine Growth Modifier: 100%
[18:02:22] [Server thread/INFO]: Cocoa Growth Modifier: 100%
[18:02:22] [Server thread/INFO]: Bamboo Growth Modifier: 100%
[18:02:22] [Server thread/INFO]: SweetBerry Growth Modifier: 100%
[18:02:22] [Server thread/INFO]: Kelp Growth Modifier: 100%
[18:02:22] [Server thread/INFO]: Entity Activation Range: An 32 / Mo 32 / Ra 48 / Mi 16 / Tiv true
[18:02:22] [Server thread/INFO]: Custom Map Seeds:  Village: 10387312 Desert: 14357617 Igloo: 14357618 Jungle: 14357619 Swamp: 14357620 Monument: 10387313 Ocean: 14357621 Shipwreck: 165745295 End City: 10387313 Slime: 987234911 Bastion: 30084232 Fortress: 30084232 Mansion: 10387319 Fossil: 14357921 Portal: 34222645
[18:02:22] [Server thread/INFO]: Hopper Transfer: 8 Hopper Check: 1 Hopper Amount: 1
[18:02:22] [Server thread/INFO]: Nerfing mobs spawned from spawners: false
[18:02:22] [Server thread/INFO]: Preparing start region for dimension minecraft:overworld
[18:02:23] [Worker-Main-13/INFO]: Preparing spawn area: 0%
[18:02:27] [Worker-Main-12/INFO]: Preparing spawn area: 0%
[18:02:27] [Worker-Main-11/INFO]: Preparing spawn area: 0%
[18:02:27] [Worker-Main-12/INFO]: Preparing spawn area: 0%
[18:02:27] [Worker-Main-11/INFO]: Preparing spawn area: 0%
[18:02:27] [Worker-Main-11/INFO]: Preparing spawn area: 0%
[18:02:27] [Worker-Main-13/INFO]: Preparing spawn area: 0%
[18:02:27] [Worker-Main-11/INFO]: Preparing spawn area: 0%
[18:02:27] [Worker-Main-13/INFO]: Preparing spawn area: 0%
[18:02:27] [Worker-Main-8/INFO]: Preparing spawn area: 6%
[18:02:27] [Worker-Main-10/INFO]: Preparing spawn area: 25%
[18:02:28] [Worker-Main-13/INFO]: Preparing spawn area: 69%
[18:02:28] [Worker-Main-8/INFO]: Preparing spawn area: 84%
[18:02:29] [Worker-Main-11/INFO]: Preparing spawn area: 86%
[18:02:29] [Server thread/INFO]: Time elapsed: 6730 ms
[18:02:29] [Server thread/INFO]: Preparing start region for dimension minecraft:the_nether
[18:02:29] [Worker-Main-11/INFO]: Preparing spawn area: 0%
[18:02:30] [Worker-Main-9/INFO]: Preparing spawn area: 0%
[18:02:30] [Worker-Main-11/INFO]: Preparing spawn area: 0%
[18:02:31] [Worker-Main-8/INFO]: Preparing spawn area: 4%
[18:02:31] [Worker-Main-13/INFO]: Preparing spawn area: 68%
[18:02:32] [Worker-Main-9/INFO]: Preparing spawn area: 76%
[18:02:32] [Worker-Main-14/INFO]: Preparing spawn area: 84%
[18:02:33] [Worker-Main-9/INFO]: Preparing spawn area: 91%
[18:02:33] [Worker-Main-13/INFO]: Preparing spawn area: 98%
[18:02:33] [Server thread/INFO]: Time elapsed: 4146 ms
[18:02:33] [Server thread/INFO]: Preparing start region for dimension minecraft:the_end
[18:02:33] [Worker-Main-14/INFO]: Preparing spawn area: 0%
[18:02:34] [Worker-Main-12/INFO]: Preparing spawn area: 7%
[18:02:34] [Worker-Main-10/INFO]: Preparing spawn area: 86%
[18:02:34] [Server thread/INFO]: Time elapsed: 1085 ms
[18:02:34] [Server thread/INFO]: [CityBuild] Enabling CityBuild v1.0.3
[18:02:35] [Server thread/INFO]: Server permissions file permissions.yml is empty, ignoring it
[18:02:35] [Server thread/INFO]: Done (13.011s)! For help, type "help"
[18:02:46] [User Authenticator #1/INFO]: UUID of player Cooler_LK is c72ab8a9-a030-4796-84b3-523ca07792c4
[18:02:47] [Server thread/INFO]: Cooler_LK[/127.0.0.1:51979] logged in with entity id 198 at ([world]-138.78539066553697, 94.86859856141189, -122.0162658238183)
[18:02:52] [Server thread/INFO]: Cooler_LK issued server command: /help
[18:03:06] [Server thread/INFO]: Cooler_LK issued server command: /gm
[18:03:09] [Server thread/INFO]: Cooler_LK issued server command: /gm 1
[18:03:25] [Server thread/INFO]: Cooler_LK lost connection: Disconnected
[18:03:29] [Thread-1/INFO]: Stopping server
[18:03:29] [Thread-1/INFO]: [CityBuild] The Plugin is stopped.
